stage: daily_update
started_at: 2026-06-24T16:00:17+08:00
finished_at: 2026-06-24T16:01:08+08:00
elapsed_seconds: 51.232
exit_code: 0
status: passed
soft_warning: false
timed_out: false
command: .venv/bin/python -m a_share_info_hub daily-update --trade-date 2026-06-24 --output-root /mnt/tool/2-projects/a-share-info-hub

## stdout
Daily snapshot status: partial
raw_root: /mnt/tool/2-projects/a-share-info-hub/data/raw/2026-06-24
normalized_root: /mnt/tool/2-projects/a-share-info-hub/data/normalized
failure_log: /mnt/tool/2-projects/a-share-info-hub/logs/external-interface-failures.jsonl
interface_status: /mnt/tool/2-projects/a-share-info-hub/reports/daily-runs/2026-06-24/interface-status.json
daily_summary: /mnt/tool/2-projects/a-share-info-hub/reports/daily-runs/2026-06-24/daily-data-summary.md
duckdb: /mnt/tool/2-projects/a-share-info-hub/market.duckdb


## stderr

Please wait for a moment:   0%|          | 0/70 [00:00<?, ?it/s]
Please wait for a moment:   1%|▏         | 1/70 [00:00<00:13,  5.03it/s]
Please wait for a moment:   3%|▎         | 2/70 [00:00<00:12,  5.41it/s]
Please wait for a moment:   4%|▍         | 3/70 [00:00<00:11,  5.93it/s]
Please wait for a moment:   6%|▌         | 4/70 [00:00<00:11,  5.73it/s]
Please wait for a moment:   7%|▋         | 5/70 [00:00<00:10,  6.03it/s]
Please wait for a moment:   9%|▊         | 6/70 [00:01<00:10,  5.91it/s]
Please wait for a moment:  10%|█         | 7/70 [00:01<00:10,  6.13it/s]
Please wait for a moment:  11%|█▏        | 8/70 [00:01<00:10,  5.81it/s]
Please wait for a moment:  13%|█▎        | 9/70 [00:01<00:10,  5.67it/s]
Please wait for a moment:  14%|█▍        | 10/70 [00:01<00:10,  5.58it/s]
Please wait for a moment:  16%|█▌        | 11/70 [00:01<00:10,  5.69it/s]
Please wait for a moment:  17%|█▋        | 12/70 [00:02<00:10,  5.55it/s]
Please wait for a moment:  19%|█▊        | 13/70 [00:02<00:09,  5.83it/s]
Please wait for a moment:  20%|██        | 14/70 [00:02<00:09,  5.65it/s]
Please wait for a moment:  21%|██▏       | 15/70 [00:02<00:09,  5.64it/s]
Please wait for a moment:  23%|██▎       | 16/70 [00:02<00:09,  5.56it/s]
Please wait for a moment:  24%|██▍       | 17/70 [00:02<00:09,  5.84it/s]
Please wait for a moment:  26%|██▌       | 18/70 [00:03<00:08,  5.83it/s]
Please wait for a moment:  27%|██▋       | 19/70 [00:03<00:08,  5.85it/s]
Please wait for a moment:  29%|██▊       | 20/70 [00:03<00:08,  5.70it/s]
Please wait for a moment:  30%|███       | 21/70 [00:03<00:08,  5.70it/s]
Please wait for a moment:  31%|███▏      | 22/70 [00:04<00:13,  3.43it/s]
Please wait for a moment:  33%|███▎      | 23/70 [00:04<00:12,  3.81it/s]
Please wait for a moment:  34%|███▍      | 24/70 [00:04<00:10,  4.20it/s]
Please wait for a moment:  36%|███▌      | 25/70 [00:04<00:09,  4.56it/s]
Please wait for a moment:  37%|███▋      | 26/70 [00:05<00:13,  3.27it/s]
Please wait for a moment:  39%|███▊      | 27/70 [00:05<00:15,  2.71it/s]
Please wait for a moment:  40%|████      | 28/70 [00:05<00:13,  3.16it/s]
Please wait for a moment:  41%|████▏     | 29/70 [00:06<00:11,  3.57it/s]
Please wait for a moment:  43%|████▎     | 30/70 [00:06<00:14,  2.77it/s]
Please wait for a moment:  44%|████▍     | 31/70 [00:06<00:11,  3.35it/s]
Please wait for a moment:  46%|████▌     | 32/70 [00:07<00:09,  3.90it/s]
Please wait for a moment:  47%|████▋     | 33/70 [00:07<00:12,  2.85it/s]
Please wait for a moment:  49%|████▊     | 34/70 [00:08<00:14,  2.42it/s]
Please wait for a moment:  50%|█████     | 35/70 [00:08<00:16,  2.12it/s]
Please wait for a moment:  51%|█████▏    | 36/70 [00:08<00:13,  2.57it/s]
Please wait for a moment:  53%|█████▎    | 37/70 [00:09<00:10,  3.04it/s]
Please wait for a moment:  54%|█████▍    | 38/70 [00:09<00:09,  3.53it/s]
Please wait for a moment:  56%|█████▌    | 39/70 [00:09<00:07,  3.97it/s]
Please wait for a moment:  57%|█████▋    | 40/70 [00:09<00:06,  4.50it/s]
Please wait for a moment:  59%|█████▊    | 41/70 [00:09<00:06,  4.79it/s]
Please wait for a moment:  60%|██████    | 42/70 [00:10<00:05,  5.22it/s]
Please wait for a moment:  61%|██████▏   | 43/70 [00:10<00:05,  5.25it/s]
Please wait for a moment:  63%|██████▎   | 44/70 [00:10<00:07,  3.33it/s]
Please wait for a moment:  64%|██████▍   | 45/70 [00:10<00:06,  3.85it/s]
Please wait for a moment:  66%|██████▌   | 46/70 [00:11<00:09,  2.44it/s]
Please wait for a moment:  67%|██████▋   | 47/70 [00:12<00:09,  2.33it/s]
Please wait for a moment:  69%|██████▊   | 48/70 [00:12<00:07,  2.89it/s]
Please wait for a moment:  70%|███████   | 49/70 [00:12<00:06,  3.39it/s]
Please wait for a moment:  71%|███████▏  | 50/70 [00:12<00:05,  3.81it/s]
Please wait for a moment:  73%|███████▎  | 51/70 [00:12<00:04,  4.33it/s]
Please wait for a moment:  74%|███████▍  | 52/70 [00:13<00:05,  3.21it/s]
Please wait for a moment:  76%|███████▌  | 53/70 [00:13<00:04,  3.76it/s]
Please wait for a moment:  77%|███████▋  | 54/70 [00:13<00:03,  4.17it/s]
Please wait for a moment:  79%|███████▊  | 55/70 [00:13<00:03,  4.44it/s]
Please wait for a moment:  80%|████████  | 56/70 [00:14<00:02,  4.92it/s]
Please wait for a moment:  81%|████████▏ | 57/70 [00:14<00:02,  5.11it/s]
Please wait for a moment:  83%|████████▎ | 58/70 [00:14<00:03,  3.23it/s]
Please wait for a moment:  84%|████████▍ | 59/70 [00:14<00:02,  3.70it/s]
Please wait for a moment:  86%|████████▌ | 60/70 [00:15<00:03,  2.78it/s]
Please wait for a moment:  87%|████████▋ | 61/70 [00:15<00:02,  3.35it/s]
Please wait for a moment:  89%|████████▊ | 62/70 [00:15<00:02,  3.92it/s]
Please wait for a moment:  90%|█████████ | 63/70 [00:16<00:01,  4.25it/s]
Please wait for a moment:  91%|█████████▏| 64/70 [00:16<00:01,  4.76it/s]
Please wait for a moment:  93%|█████████▎| 65/70 [00:16<00:01,  4.99it/s]
Please wait for a moment:  94%|█████████▍| 66/70 [00:16<00:00,  5.38it/s]
Please wait for a moment:  96%|█████████▌| 67/70 [00:16<00:00,  5.32it/s]
Please wait for a moment:  97%|█████████▋| 68/70 [00:16<00:00,  5.48it/s]
Please wait for a moment:  99%|█████████▊| 69/70 [00:17<00:00,  5.40it/s]
                                                                         
