stage: daily_update
started_at: 2026-06-25T16:25:11+08:00
finished_at: 2026-06-25T16:25:59+08:00
elapsed_seconds: 48.446
exit_code: 0
status: passed
soft_warning: false
timed_out: false
command: .venv/bin/python -m a_share_info_hub daily-update --trade-date 2026-06-25 --output-root /mnt/tool/2-projects/a-share-info-hub

## stdout
Daily snapshot status: partial
raw_root: /mnt/tool/2-projects/a-share-info-hub/data/raw/2026-06-25
normalized_root: /mnt/tool/2-projects/a-share-info-hub/data/normalized
failure_log: /mnt/tool/2-projects/a-share-info-hub/logs/external-interface-failures.jsonl
interface_status: /mnt/tool/2-projects/a-share-info-hub/reports/daily-runs/2026-06-25/interface-status.json
daily_summary: /mnt/tool/2-projects/a-share-info-hub/reports/daily-runs/2026-06-25/daily-data-summary.md
duckdb: /mnt/tool/2-projects/a-share-info-hub/market.duckdb


## stderr

Please wait for a moment:   0%|          | 0/70 [00:00<?, ?it/s]
Please wait for a moment:   1%|▏         | 1/70 [00:00<00:17,  4.05it/s]
Please wait for a moment:   3%|▎         | 2/70 [00:00<00:15,  4.50it/s]
Please wait for a moment:   4%|▍         | 3/70 [00:00<00:13,  4.80it/s]
Please wait for a moment:   6%|▌         | 4/70 [00:00<00:13,  4.82it/s]
Please wait for a moment:   7%|▋         | 5/70 [00:01<00:13,  4.87it/s]
Please wait for a moment:   9%|▊         | 6/70 [00:01<00:20,  3.18it/s]
Please wait for a moment:  10%|█         | 7/70 [00:02<00:23,  2.72it/s]
Please wait for a moment:  11%|█▏        | 8/70 [00:02<00:26,  2.36it/s]
Please wait for a moment:  13%|█▎        | 9/70 [00:02<00:21,  2.84it/s]
Please wait for a moment:  14%|█▍        | 10/70 [00:02<00:18,  3.27it/s]
Please wait for a moment:  16%|█▌        | 11/70 [00:03<00:15,  3.80it/s]
Please wait for a moment:  17%|█▋        | 12/70 [00:03<00:13,  4.21it/s]
Please wait for a moment:  19%|█▊        | 13/70 [00:03<00:12,  4.47it/s]
Please wait for a moment:  20%|██        | 14/70 [00:03<00:11,  4.87it/s]
Please wait for a moment:  21%|██▏       | 15/70 [00:04<00:17,  3.11it/s]
Please wait for a moment:  23%|██▎       | 16/70 [00:04<00:15,  3.59it/s]
Please wait for a moment:  24%|██▍       | 17/70 [00:04<00:12,  4.09it/s]
Please wait for a moment:  26%|██▌       | 18/70 [00:04<00:12,  4.28it/s]
Please wait for a moment:  27%|██▋       | 19/70 [00:05<00:11,  4.47it/s]
Please wait for a moment:  29%|██▊       | 20/70 [00:05<00:10,  4.64it/s]
Please wait for a moment:  30%|███       | 21/70 [00:05<00:10,  4.78it/s]
Please wait for a moment:  31%|███▏      | 22/70 [00:05<00:14,  3.27it/s]
Please wait for a moment:  33%|███▎      | 23/70 [00:06<00:12,  3.68it/s]
Please wait for a moment:  34%|███▍      | 24/70 [00:06<00:11,  3.99it/s]
Please wait for a moment:  36%|███▌      | 25/70 [00:06<00:10,  4.26it/s]
Please wait for a moment:  37%|███▋      | 26/70 [00:06<00:10,  4.39it/s]
Please wait for a moment:  39%|███▊      | 27/70 [00:06<00:09,  4.76it/s]
Please wait for a moment:  40%|████      | 28/70 [00:07<00:08,  4.75it/s]
Please wait for a moment:  41%|████▏     | 29/70 [00:07<00:08,  4.94it/s]
Please wait for a moment:  43%|████▎     | 30/70 [00:07<00:07,  5.07it/s]
Please wait for a moment:  44%|████▍     | 31/70 [00:07<00:07,  5.08it/s]
Please wait for a moment:  46%|████▌     | 32/70 [00:07<00:07,  5.19it/s]
Please wait for a moment:  47%|████▋     | 33/70 [00:08<00:07,  5.15it/s]
Please wait for a moment:  49%|████▊     | 34/70 [00:08<00:06,  5.15it/s]
Please wait for a moment:  50%|█████     | 35/70 [00:08<00:06,  5.33it/s]
Please wait for a moment:  51%|█████▏    | 36/70 [00:08<00:06,  5.50it/s]
Please wait for a moment:  53%|█████▎    | 37/70 [00:08<00:06,  5.39it/s]
Please wait for a moment:  54%|█████▍    | 38/70 [00:09<00:06,  5.29it/s]
Please wait for a moment:  56%|█████▌    | 39/70 [00:09<00:06,  5.12it/s]
Please wait for a moment:  57%|█████▋    | 40/70 [00:09<00:05,  5.10it/s]
Please wait for a moment:  59%|█████▊    | 41/70 [00:09<00:05,  5.10it/s]
Please wait for a moment:  60%|██████    | 42/70 [00:09<00:05,  5.03it/s]
Please wait for a moment:  61%|██████▏   | 43/70 [00:10<00:05,  4.98it/s]
Please wait for a moment:  63%|██████▎   | 44/70 [00:10<00:04,  5.21it/s]
Please wait for a moment:  64%|██████▍   | 45/70 [00:10<00:04,  5.11it/s]
Please wait for a moment:  66%|██████▌   | 46/70 [00:10<00:04,  5.13it/s]
Please wait for a moment:  67%|██████▋   | 47/70 [00:11<00:08,  2.63it/s]
Please wait for a moment:  69%|██████▊   | 48/70 [00:12<00:10,  2.17it/s]
Please wait for a moment:  70%|███████   | 49/70 [00:12<00:08,  2.60it/s]
Please wait for a moment:  71%|███████▏  | 50/70 [00:12<00:06,  3.06it/s]
Please wait for a moment:  73%|███████▎  | 51/70 [00:12<00:05,  3.44it/s]
Please wait for a moment:  74%|███████▍  | 52/70 [00:12<00:04,  3.80it/s]
Please wait for a moment:  76%|███████▌  | 53/70 [00:13<00:03,  4.27it/s]
Please wait for a moment:  77%|███████▋  | 54/70 [00:13<00:03,  4.48it/s]
Please wait for a moment:  79%|███████▊  | 55/70 [00:13<00:04,  3.36it/s]
Please wait for a moment:  80%|████████  | 56/70 [00:13<00:03,  3.82it/s]
Please wait for a moment:  81%|████████▏ | 57/70 [00:14<00:03,  4.24it/s]
Please wait for a moment:  83%|████████▎ | 58/70 [00:14<00:02,  4.54it/s]
Please wait for a moment:  84%|████████▍ | 59/70 [00:14<00:02,  4.69it/s]
Please wait for a moment:  86%|████████▌ | 60/70 [00:14<00:02,  4.80it/s]
Please wait for a moment:  87%|████████▋ | 61/70 [00:14<00:01,  4.99it/s]
Please wait for a moment:  89%|████████▊ | 62/70 [00:14<00:01,  5.26it/s]
Please wait for a moment:  90%|█████████ | 63/70 [00:15<00:01,  5.22it/s]
Please wait for a moment:  91%|█████████▏| 64/70 [00:15<00:01,  5.32it/s]
Please wait for a moment:  93%|█████████▎| 65/70 [00:15<00:00,  5.22it/s]
Please wait for a moment:  94%|█████████▍| 66/70 [00:15<00:00,  5.15it/s]
Please wait for a moment:  96%|█████████▌| 67/70 [00:15<00:00,  5.00it/s]
Please wait for a moment:  97%|█████████▋| 68/70 [00:16<00:00,  5.27it/s]
Please wait for a moment:  99%|█████████▊| 69/70 [00:16<00:00,  5.19it/s]
Please wait for a moment: 100%|██████████| 70/70 [00:16<00:00,  5.83it/s]
                                                                         

  0%|          | 0/1 [00:00<?, ?it/s]
100%|██████████| 1/1 [00:00<00:00,  8.56it/s]
                                             
